#-----------------------------------------------------------
# Vivado v2020.1 (64-bit)
# SW Build 2902540 on Wed May 27 19:54:49 MDT 2020
# IP Build 2902112 on Wed May 27 22:43:36 MDT 2020
# Start of session at: Thu Dec  3 19:08:51 2020
# Process ID: 20036
# Current directory: C:/Users/hyhan/Desktop/workspace/EE201_project/personal_dir/h0han/project_1201
# Command line: vivado.exe -gui_launcher_event rodinguilauncherevent548 C:\Users\hyhan\Desktop\workspace\EE201_project\personal_dir\h0han\project_1201\project_1201.xpr
# Log file: C:/Users/hyhan/Desktop/workspace/EE201_project/personal_dir/h0han/project_1201/vivado.log
# Journal file: C:/Users/hyhan/Desktop/workspace/EE201_project/personal_dir/h0han/project_1201\vivado.jou
#-----------------------------------------------------------
start_gui
open_project C:/Users/hyhan/Desktop/workspace/EE201_project/personal_dir/h0han/project_1201/project_1201.xpr
Scanning sources...
Finished scanning sources
INFO: [IP_Flow 19-234] Refreshing IP repositories
INFO: [IP_Flow 19-1704] No user IP repositories specified
INFO: [IP_Flow 19-2313] Loaded Vivado IP repository 'C:/Xilinx/Vivado/2020.1/data/ip'.
open_project: Time (s): cpu = 00:00:28 ; elapsed = 00:00:11 . Memory (MB): peak = 1013.387 ; gain = 0.000
update_compile_order -fileset sources_1
set_property SOURCE_SET sources_1 [get_filesets sim_2]
close [ open C:/Users/hyhan/Desktop/workspace/EE201_project/personal_dir/h0han/project_1201/project_1201.srcs/sim_2/new/TB3.vhd w ]
add_files -fileset sim_2 C:/Users/hyhan/Desktop/workspace/EE201_project/personal_dir/h0han/project_1201/project_1201.srcs/sim_2/new/TB3.vhd
update_compile_order -fileset sim_2
exit
INFO: [Common 17-206] Exiting Vivado at Thu Dec  3 22:39:57 2020...
