#-----------------------------------------------------------
# Vivado v2020.2 (64-bit)
# SW Build 3064766 on Wed Nov 18 09:12:45 MST 2020
# IP Build 3064653 on Wed Nov 18 14:17:31 MST 2020
# Start of session at: Wed Dec  2 19:50:13 2020
# Process ID: 8548
# Current directory: C:/Users/tony4/Desktop/EE201_project/personal_dir/tony4773/project_1202
# Command line: vivado.exe -gui_launcher_event rodinguilauncherevent24172 C:\Users\tony4\Desktop\EE201_project\personal_dir\tony4773\project_1202\project_1202.xpr
# Log file: C:/Users/tony4/Desktop/EE201_project/personal_dir/tony4773/project_1202/vivado.log
# Journal file: C:/Users/tony4/Desktop/EE201_project/personal_dir/tony4773/project_1202\vivado.jou
#-----------------------------------------------------------
start_gui
open_project C:/Users/tony4/Desktop/EE201_project/personal_dir/tony4773/project_1202/project_1202.xpr
INFO: [Project 1-313] Project file moved from 'C:/Users/tony4/Desktop/project_1202' since last save.
Scanning sources...
Finished scanning sources
INFO: [IP_Flow 19-234] Refreshing IP repositories
INFO: [IP_Flow 19-1704] No user IP repositories specified
INFO: [IP_Flow 19-2313] Loaded Vivado IP repository 'C:/Xilinx/Vivado/2020.2/data/ip'.
open_project: Time (s): cpu = 00:00:41 ; elapsed = 00:00:22 . Memory (MB): peak = 1015.035 ; gain = 0.000
update_compile_order -fileset sources_1
launch_simulation -simset [get_filesets sim_2 ]
Command: launch_simulation -simset sim_2
INFO: [Vivado 12-5682] Launching behavioral simulation in 'C:/Users/tony4/Desktop/EE201_project/personal_dir/tony4773/project_1202/project_1202.sim/sim_2/behav/xsim'
INFO: [SIM-utils-51] Simulation object is 'sim_2'
INFO: [SIM-utils-54] Inspecting design source files for 'testBench' in fileset 'sim_2'...
INFO: [USF-XSim-97] Finding global include files...
INFO: [USF-XSim-98] Fetching design files from 'sim_2'...
INFO: [USF-XSim-2] XSim::Compile design
INFO: [USF-XSim-61] Executing 'COMPILE and ANALYZE' step in 'C:/Users/tony4/Desktop/EE201_project/personal_dir/tony4773/project_1202/project_1202.sim/sim_2/behav/xsim'
"xvhdl --incr --relax -prj testBench_vhdl.prj"
INFO: [VRFC 10-163] Analyzing VHDL file "C:/Users/tony4/Desktop/EE201_project/personal_dir/tony4773/project_1202/project_1202.srcs/sources_1/new/ADDER.vhd" into library xil_defaultlib
INFO: [VRFC 10-3107] analyzing entity 'ADDER'
INFO: [VRFC 10-163] Analyzing VHDL file "C:/Users/tony4/Desktop/EE201_project/personal_dir/tony4773/project_1202/project_1202.srcs/sources_1/new/EIGHTBIT_ADDER.vhd" into library xil_defaultlib
INFO: [VRFC 10-3107] analyzing entity 'EIGHTBIT_ADDER'
INFO: [VRFC 10-163] Analyzing VHDL file "C:/Users/tony4/Desktop/EE201_project/personal_dir/tony4773/project_1202/project_1202.srcs/sources_1/imports/Desktop/calculator_top.vhd" into library xil_defaultlib
INFO: [VRFC 10-3107] analyzing entity 'calculator_top'
INFO: [VRFC 10-163] Analyzing VHDL file "C:/Users/tony4/Desktop/EE201_project/personal_dir/tony4773/project_1202/project_1202.srcs/sim_2/new/TB2.vhd" into library xil_defaultlib
INFO: [VRFC 10-3107] analyzing entity 'testBench'
run_program: Time (s): cpu = 00:00:02 ; elapsed = 00:00:07 . Memory (MB): peak = 1015.035 ; gain = 0.000
INFO: [USF-XSim-69] 'compile' step finished in '7' seconds
INFO: [USF-XSim-3] XSim::Elaborate design
INFO: [USF-XSim-61] Executing 'ELABORATE' step in 'C:/Users/tony4/Desktop/EE201_project/personal_dir/tony4773/project_1202/project_1202.sim/sim_2/behav/xsim'
"xelab -wto 56597538158a44a8947425f4afbd4c54 --incr --debug typical --relax --mt 2 -L xil_defaultlib -L secureip --snapshot testBench_behav xil_defaultlib.testBench -log elaborate.log"
Vivado Simulator 2020.2
Copyright 1986-1999, 2001-2020 Xilinx, Inc. All Rights Reserved.
Running: C:/Xilinx/Vivado/2020.2/bin/unwrapped/win64.o/xelab.exe -wto 56597538158a44a8947425f4afbd4c54 --incr --debug typical --relax --mt 2 -L xil_defaultlib -L secureip --snapshot testBench_behav xil_defaultlib.testBench -log elaborate.log 
Using 2 slave threads.
Starting static elaboration
Completed static elaboration
Starting simulation data flow analysis
Completed simulation data flow analysis
Time Resolution for simulation is 1ps
Compiling package std.standard
Compiling package std.textio
Compiling package ieee.std_logic_1164
Compiling package ieee.std_logic_arith
Compiling package ieee.std_logic_unsigned
Compiling architecture behavioral of entity xil_defaultlib.ADDER [adder_default]
Compiling architecture behavioral of entity xil_defaultlib.EIGHTBIT_ADDER [eightbit_adder_default]
Compiling architecture behavioral of entity xil_defaultlib.calculator_top [calculator_top_default]
Compiling architecture tb of entity xil_defaultlib.testbench
Built simulation snapshot testBench_behav
run_program: Time (s): cpu = 00:00:01 ; elapsed = 00:00:08 . Memory (MB): peak = 1015.035 ; gain = 0.000
INFO: [USF-XSim-69] 'elaborate' step finished in '8' seconds
INFO: [USF-XSim-4] XSim::Simulate design
INFO: [USF-XSim-61] Executing 'SIMULATE' step in 'C:/Users/tony4/Desktop/EE201_project/personal_dir/tony4773/project_1202/project_1202.sim/sim_2/behav/xsim'
INFO: [USF-XSim-98] *** Running xsim
   with args "testBench_behav -key {Behavioral:sim_2:Functional:testBench} -tclbatch {testBench.tcl} -log {simulate.log}"
INFO: [USF-XSim-8] Loading simulator feature
Vivado Simulator 2020.2
Time resolution is 1 ps
source testBench.tcl
# set curr_wave [current_wave_config]
# if { [string length $curr_wave] == 0 } {
#   if { [llength [get_objects]] > 0} {
#     add_wave /
#     set_property needs_save false [current_wave_config]
#   } else {
#      send_msg_id Add_Wave-1 WARNING "No top level signals found. Simulator will start without a wave window. If you want to open a wave window go to 'File->New Waveform Configuration' or type 'create_wave_config' in the TCL console."
#   }
# }
# run 1000ns
xsim: Time (s): cpu = 00:00:28 ; elapsed = 00:00:09 . Memory (MB): peak = 1015.035 ; gain = 0.000
INFO: [USF-XSim-96] XSim completed. Design snapshot 'testBench_behav' loaded.
INFO: [USF-XSim-97] XSim simulation ran for 1000ns
launch_simulation: Time (s): cpu = 00:00:39 ; elapsed = 00:00:36 . Memory (MB): peak = 1015.035 ; gain = 0.000
close_sim
INFO: [Simtcl 6-16] Simulation closed
close_sim: Time (s): cpu = 00:00:05 ; elapsed = 00:00:05 . Memory (MB): peak = 1015.035 ; gain = 0.000
launch_simulation -simset [get_filesets sim_2 ]
Command: launch_simulation -simset sim_2
INFO: [Vivado 12-5682] Launching behavioral simulation in 'C:/Users/tony4/Desktop/EE201_project/personal_dir/tony4773/project_1202/project_1202.sim/sim_2/behav/xsim'
INFO: [SIM-utils-51] Simulation object is 'sim_2'
INFO: [SIM-utils-54] Inspecting design source files for 'testBench' in fileset 'sim_2'...
INFO: [USF-XSim-97] Finding global include files...
INFO: [USF-XSim-98] Fetching design files from 'sim_2'...
INFO: [USF-XSim-2] XSim::Compile design
INFO: [USF-XSim-61] Executing 'COMPILE and ANALYZE' step in 'C:/Users/tony4/Desktop/EE201_project/personal_dir/tony4773/project_1202/project_1202.sim/sim_2/behav/xsim'
"xvhdl --incr --relax -prj testBench_vhdl.prj"
INFO: [VRFC 10-163] Analyzing VHDL file "C:/Users/tony4/Desktop/EE201_project/personal_dir/tony4773/project_1202/project_1202.srcs/sources_1/imports/Desktop/calculator_top.vhd" into library xil_defaultlib
INFO: [VRFC 10-3107] analyzing entity 'calculator_top'
run_program: Time (s): cpu = 00:00:01 ; elapsed = 00:00:06 . Memory (MB): peak = 1015.035 ; gain = 0.000
INFO: [USF-XSim-69] 'compile' step finished in '6' seconds
INFO: [USF-XSim-3] XSim::Elaborate design
INFO: [USF-XSim-61] Executing 'ELABORATE' step in 'C:/Users/tony4/Desktop/EE201_project/personal_dir/tony4773/project_1202/project_1202.sim/sim_2/behav/xsim'
"xelab -wto 56597538158a44a8947425f4afbd4c54 --incr --debug typical --relax --mt 2 -L xil_defaultlib -L secureip --snapshot testBench_behav xil_defaultlib.testBench -log elaborate.log"
Vivado Simulator 2020.2
Copyright 1986-1999, 2001-2020 Xilinx, Inc. All Rights Reserved.
Running: C:/Xilinx/Vivado/2020.2/bin/unwrapped/win64.o/xelab.exe -wto 56597538158a44a8947425f4afbd4c54 --incr --debug typical --relax --mt 2 -L xil_defaultlib -L secureip --snapshot testBench_behav xil_defaultlib.testBench -log elaborate.log 
Using 2 slave threads.
Starting static elaboration
Completed static elaboration
Starting simulation data flow analysis
Completed simulation data flow analysis
Time Resolution for simulation is 1ps
Compiling package std.standard
Compiling package std.textio
Compiling package ieee.std_logic_1164
Compiling package ieee.std_logic_arith
Compiling package ieee.std_logic_unsigned
Compiling architecture behavioral of entity xil_defaultlib.ADDER [adder_default]
Compiling architecture behavioral of entity xil_defaultlib.EIGHTBIT_ADDER [eightbit_adder_default]
Compiling architecture behavioral of entity xil_defaultlib.calculator_top [calculator_top_default]
Compiling architecture tb of entity xil_defaultlib.testbench
Built simulation snapshot testBench_behav
run_program: Time (s): cpu = 00:00:00 ; elapsed = 00:00:09 . Memory (MB): peak = 1015.035 ; gain = 0.000
INFO: [USF-XSim-69] 'elaborate' step finished in '9' seconds
INFO: [USF-XSim-4] XSim::Simulate design
INFO: [USF-XSim-61] Executing 'SIMULATE' step in 'C:/Users/tony4/Desktop/EE201_project/personal_dir/tony4773/project_1202/project_1202.sim/sim_2/behav/xsim'
INFO: [USF-XSim-98] *** Running xsim
   with args "testBench_behav -key {Behavioral:sim_2:Functional:testBench} -tclbatch {testBench.tcl} -log {simulate.log}"
INFO: [USF-XSim-8] Loading simulator feature
Vivado Simulator 2020.2
Time resolution is 1 ps
source testBench.tcl
# set curr_wave [current_wave_config]
# if { [string length $curr_wave] == 0 } {
#   if { [llength [get_objects]] > 0} {
#     add_wave /
#     set_property needs_save false [current_wave_config]
#   } else {
#      send_msg_id Add_Wave-1 WARNING "No top level signals found. Simulator will start without a wave window. If you want to open a wave window go to 'File->New Waveform Configuration' or type 'create_wave_config' in the TCL console."
#   }
# }
# run 1000ns
xsim: Time (s): cpu = 00:00:12 ; elapsed = 00:00:07 . Memory (MB): peak = 1015.035 ; gain = 0.000
INFO: [USF-XSim-96] XSim completed. Design snapshot 'testBench_behav' loaded.
INFO: [USF-XSim-97] XSim simulation ran for 1000ns
launch_simulation: Time (s): cpu = 00:00:15 ; elapsed = 00:00:26 . Memory (MB): peak = 1015.035 ; gain = 0.000
close_sim
INFO: [Simtcl 6-16] Simulation closed
close_sim: Time (s): cpu = 00:00:04 ; elapsed = 00:00:05 . Memory (MB): peak = 1015.035 ; gain = 0.000
launch_simulation -simset [get_filesets sim_2 ]
Command: launch_simulation -simset sim_2
INFO: [Vivado 12-5682] Launching behavioral simulation in 'C:/Users/tony4/Desktop/EE201_project/personal_dir/tony4773/project_1202/project_1202.sim/sim_2/behav/xsim'
INFO: [SIM-utils-51] Simulation object is 'sim_2'
INFO: [SIM-utils-54] Inspecting design source files for 'testBench' in fileset 'sim_2'...
INFO: [USF-XSim-97] Finding global include files...
INFO: [USF-XSim-98] Fetching design files from 'sim_2'...
INFO: [USF-XSim-2] XSim::Compile design
INFO: [USF-XSim-61] Executing 'COMPILE and ANALYZE' step in 'C:/Users/tony4/Desktop/EE201_project/personal_dir/tony4773/project_1202/project_1202.sim/sim_2/behav/xsim'
"xvhdl --incr --relax -prj testBench_vhdl.prj"
INFO: [VRFC 10-163] Analyzing VHDL file "C:/Users/tony4/Desktop/EE201_project/personal_dir/tony4773/project_1202/project_1202.srcs/sim_2/new/TB2.vhd" into library xil_defaultlib
INFO: [VRFC 10-3107] analyzing entity 'testBench'
run_program: Time (s): cpu = 00:00:00 ; elapsed = 00:00:06 . Memory (MB): peak = 1015.035 ; gain = 0.000
INFO: [USF-XSim-69] 'compile' step finished in '6' seconds
INFO: [USF-XSim-3] XSim::Elaborate design
INFO: [USF-XSim-61] Executing 'ELABORATE' step in 'C:/Users/tony4/Desktop/EE201_project/personal_dir/tony4773/project_1202/project_1202.sim/sim_2/behav/xsim'
"xelab -wto 56597538158a44a8947425f4afbd4c54 --incr --debug typical --relax --mt 2 -L xil_defaultlib -L secureip --snapshot testBench_behav xil_defaultlib.testBench -log elaborate.log"
Vivado Simulator 2020.2
Copyright 1986-1999, 2001-2020 Xilinx, Inc. All Rights Reserved.
Running: C:/Xilinx/Vivado/2020.2/bin/unwrapped/win64.o/xelab.exe -wto 56597538158a44a8947425f4afbd4c54 --incr --debug typical --relax --mt 2 -L xil_defaultlib -L secureip --snapshot testBench_behav xil_defaultlib.testBench -log elaborate.log 
Using 2 slave threads.
Starting static elaboration
Completed static elaboration
Starting simulation data flow analysis
Completed simulation data flow analysis
Time Resolution for simulation is 1ps
Compiling package std.standard
Compiling package std.textio
Compiling package ieee.std_logic_1164
Compiling package ieee.std_logic_arith
Compiling package ieee.std_logic_unsigned
Compiling architecture behavioral of entity xil_defaultlib.ADDER [adder_default]
Compiling architecture behavioral of entity xil_defaultlib.EIGHTBIT_ADDER [eightbit_adder_default]
Compiling architecture behavioral of entity xil_defaultlib.calculator_top [calculator_top_default]
Compiling architecture tb of entity xil_defaultlib.testbench
Built simulation snapshot testBench_behav
run_program: Time (s): cpu = 00:00:01 ; elapsed = 00:00:08 . Memory (MB): peak = 1015.035 ; gain = 0.000
INFO: [USF-XSim-69] 'elaborate' step finished in '8' seconds
INFO: [USF-XSim-4] XSim::Simulate design
INFO: [USF-XSim-61] Executing 'SIMULATE' step in 'C:/Users/tony4/Desktop/EE201_project/personal_dir/tony4773/project_1202/project_1202.sim/sim_2/behav/xsim'
INFO: [USF-XSim-98] *** Running xsim
   with args "testBench_behav -key {Behavioral:sim_2:Functional:testBench} -tclbatch {testBench.tcl} -log {simulate.log}"
INFO: [USF-XSim-8] Loading simulator feature
Vivado Simulator 2020.2
Time resolution is 1 ps
source testBench.tcl
# set curr_wave [current_wave_config]
# if { [string length $curr_wave] == 0 } {
#   if { [llength [get_objects]] > 0} {
#     add_wave /
#     set_property needs_save false [current_wave_config]
#   } else {
#      send_msg_id Add_Wave-1 WARNING "No top level signals found. Simulator will start without a wave window. If you want to open a wave window go to 'File->New Waveform Configuration' or type 'create_wave_config' in the TCL console."
#   }
# }
# run 1000ns
xsim: Time (s): cpu = 00:00:13 ; elapsed = 00:00:08 . Memory (MB): peak = 1015.035 ; gain = 0.000
INFO: [USF-XSim-96] XSim completed. Design snapshot 'testBench_behav' loaded.
INFO: [USF-XSim-97] XSim simulation ran for 1000ns
launch_simulation: Time (s): cpu = 00:00:15 ; elapsed = 00:00:23 . Memory (MB): peak = 1015.035 ; gain = 0.000
close_sim
INFO: [Simtcl 6-16] Simulation closed
launch_simulation -simset [get_filesets sim_2 ]
Command: launch_simulation -simset sim_2
INFO: [Vivado 12-5682] Launching behavioral simulation in 'C:/Users/tony4/Desktop/EE201_project/personal_dir/tony4773/project_1202/project_1202.sim/sim_2/behav/xsim'
INFO: [SIM-utils-51] Simulation object is 'sim_2'
INFO: [SIM-utils-54] Inspecting design source files for 'testBench' in fileset 'sim_2'...
INFO: [USF-XSim-97] Finding global include files...
INFO: [USF-XSim-98] Fetching design files from 'sim_2'...
INFO: [USF-XSim-2] XSim::Compile design
INFO: [USF-XSim-61] Executing 'COMPILE and ANALYZE' step in 'C:/Users/tony4/Desktop/EE201_project/personal_dir/tony4773/project_1202/project_1202.sim/sim_2/behav/xsim'
"xvhdl --incr --relax -prj testBench_vhdl.prj"
INFO: [VRFC 10-163] Analyzing VHDL file "C:/Users/tony4/Desktop/EE201_project/personal_dir/tony4773/project_1202/project_1202.srcs/sources_1/imports/Desktop/calculator_top.vhd" into library xil_defaultlib
INFO: [VRFC 10-3107] analyzing entity 'calculator_top'
INFO: [VRFC 10-163] Analyzing VHDL file "C:/Users/tony4/Desktop/EE201_project/personal_dir/tony4773/project_1202/project_1202.srcs/sim_2/new/TB2.vhd" into library xil_defaultlib
INFO: [VRFC 10-3107] analyzing entity 'testBench'
run_program: Time (s): cpu = 00:00:02 ; elapsed = 00:00:09 . Memory (MB): peak = 1015.035 ; gain = 0.000
INFO: [USF-XSim-69] 'compile' step finished in '10' seconds
INFO: [USF-XSim-3] XSim::Elaborate design
INFO: [USF-XSim-61] Executing 'ELABORATE' step in 'C:/Users/tony4/Desktop/EE201_project/personal_dir/tony4773/project_1202/project_1202.sim/sim_2/behav/xsim'
"xelab -wto 56597538158a44a8947425f4afbd4c54 --incr --debug typical --relax --mt 2 -L xil_defaultlib -L secureip --snapshot testBench_behav xil_defaultlib.testBench -log elaborate.log"
Vivado Simulator 2020.2
Copyright 1986-1999, 2001-2020 Xilinx, Inc. All Rights Reserved.
Running: C:/Xilinx/Vivado/2020.2/bin/unwrapped/win64.o/xelab.exe -wto 56597538158a44a8947425f4afbd4c54 --incr --debug typical --relax --mt 2 -L xil_defaultlib -L secureip --snapshot testBench_behav xil_defaultlib.testBench -log elaborate.log 
Using 2 slave threads.
Starting static elaboration
Completed static elaboration
Starting simulation data flow analysis
Completed simulation data flow analysis
Time Resolution for simulation is 1ps
Compiling package std.standard
Compiling package std.textio
Compiling package ieee.std_logic_1164
Compiling package ieee.std_logic_arith
Compiling package ieee.std_logic_unsigned
Compiling architecture behavioral of entity xil_defaultlib.ADDER [adder_default]
Compiling architecture behavioral of entity xil_defaultlib.EIGHTBIT_ADDER [eightbit_adder_default]
Compiling architecture behavioral of entity xil_defaultlib.calculator_top [calculator_top_default]
Compiling architecture tb of entity xil_defaultlib.testbench
Built simulation snapshot testBench_behav
run_program: Time (s): cpu = 00:00:03 ; elapsed = 00:00:12 . Memory (MB): peak = 1015.035 ; gain = 0.000
INFO: [USF-XSim-69] 'elaborate' step finished in '12' seconds
INFO: [USF-XSim-4] XSim::Simulate design
INFO: [USF-XSim-61] Executing 'SIMULATE' step in 'C:/Users/tony4/Desktop/EE201_project/personal_dir/tony4773/project_1202/project_1202.sim/sim_2/behav/xsim'
INFO: [USF-XSim-98] *** Running xsim
   with args "testBench_behav -key {Behavioral:sim_2:Functional:testBench} -tclbatch {testBench.tcl} -log {simulate.log}"
INFO: [USF-XSim-8] Loading simulator feature
Vivado Simulator 2020.2
Time resolution is 1 ps
source testBench.tcl
# set curr_wave [current_wave_config]
# if { [string length $curr_wave] == 0 } {
#   if { [llength [get_objects]] > 0} {
#     add_wave /
#     set_property needs_save false [current_wave_config]
#   } else {
#      send_msg_id Add_Wave-1 WARNING "No top level signals found. Simulator will start without a wave window. If you want to open a wave window go to 'File->New Waveform Configuration' or type 'create_wave_config' in the TCL console."
#   }
# }
# run 1000ns
xsim: Time (s): cpu = 00:00:19 ; elapsed = 00:00:08 . Memory (MB): peak = 1015.035 ; gain = 0.000
INFO: [USF-XSim-96] XSim completed. Design snapshot 'testBench_behav' loaded.
INFO: [USF-XSim-97] XSim simulation ran for 1000ns
launch_simulation: Time (s): cpu = 00:00:24 ; elapsed = 00:00:33 . Memory (MB): peak = 1015.035 ; gain = 0.000
close_sim
INFO: [Simtcl 6-16] Simulation closed
close_sim: Time (s): cpu = 00:00:05 ; elapsed = 00:00:06 . Memory (MB): peak = 1015.035 ; gain = 0.000
launch_simulation -simset [get_filesets sim_2 ]
Command: launch_simulation -simset sim_2
INFO: [Vivado 12-5682] Launching behavioral simulation in 'C:/Users/tony4/Desktop/EE201_project/personal_dir/tony4773/project_1202/project_1202.sim/sim_2/behav/xsim'
INFO: [SIM-utils-51] Simulation object is 'sim_2'
INFO: [SIM-utils-54] Inspecting design source files for 'testBench' in fileset 'sim_2'...
INFO: [USF-XSim-97] Finding global include files...
INFO: [USF-XSim-98] Fetching design files from 'sim_2'...
INFO: [USF-XSim-2] XSim::Compile design
INFO: [USF-XSim-61] Executing 'COMPILE and ANALYZE' step in 'C:/Users/tony4/Desktop/EE201_project/personal_dir/tony4773/project_1202/project_1202.sim/sim_2/behav/xsim'
"xvhdl --incr --relax -prj testBench_vhdl.prj"
INFO: [VRFC 10-163] Analyzing VHDL file "C:/Users/tony4/Desktop/EE201_project/personal_dir/tony4773/project_1202/project_1202.srcs/sim_2/new/TB2.vhd" into library xil_defaultlib
INFO: [VRFC 10-3107] analyzing entity 'testBench'
run_program: Time (s): cpu = 00:00:01 ; elapsed = 00:00:06 . Memory (MB): peak = 1015.035 ; gain = 0.000
INFO: [USF-XSim-69] 'compile' step finished in '6' seconds
INFO: [USF-XSim-3] XSim::Elaborate design
INFO: [USF-XSim-61] Executing 'ELABORATE' step in 'C:/Users/tony4/Desktop/EE201_project/personal_dir/tony4773/project_1202/project_1202.sim/sim_2/behav/xsim'
"xelab -wto 56597538158a44a8947425f4afbd4c54 --incr --debug typical --relax --mt 2 -L xil_defaultlib -L secureip --snapshot testBench_behav xil_defaultlib.testBench -log elaborate.log"
Vivado Simulator 2020.2
Copyright 1986-1999, 2001-2020 Xilinx, Inc. All Rights Reserved.
Running: C:/Xilinx/Vivado/2020.2/bin/unwrapped/win64.o/xelab.exe -wto 56597538158a44a8947425f4afbd4c54 --incr --debug typical --relax --mt 2 -L xil_defaultlib -L secureip --snapshot testBench_behav xil_defaultlib.testBench -log elaborate.log 
Using 2 slave threads.
Starting static elaboration
Completed static elaboration
Starting simulation data flow analysis
Completed simulation data flow analysis
Time Resolution for simulation is 1ps
Compiling package std.standard
Compiling package std.textio
Compiling package ieee.std_logic_1164
Compiling package ieee.std_logic_arith
Compiling package ieee.std_logic_unsigned
Compiling architecture behavioral of entity xil_defaultlib.ADDER [adder_default]
Compiling architecture behavioral of entity xil_defaultlib.EIGHTBIT_ADDER [eightbit_adder_default]
Compiling architecture behavioral of entity xil_defaultlib.calculator_top [calculator_top_default]
Compiling architecture tb of entity xil_defaultlib.testbench
Built simulation snapshot testBench_behav
run_program: Time (s): cpu = 00:00:00 ; elapsed = 00:00:08 . Memory (MB): peak = 1015.035 ; gain = 0.000
INFO: [USF-XSim-69] 'elaborate' step finished in '8' seconds
INFO: [USF-XSim-4] XSim::Simulate design
INFO: [USF-XSim-61] Executing 'SIMULATE' step in 'C:/Users/tony4/Desktop/EE201_project/personal_dir/tony4773/project_1202/project_1202.sim/sim_2/behav/xsim'
INFO: [USF-XSim-98] *** Running xsim
   with args "testBench_behav -key {Behavioral:sim_2:Functional:testBench} -tclbatch {testBench.tcl} -log {simulate.log}"
INFO: [USF-XSim-8] Loading simulator feature
Vivado Simulator 2020.2
Time resolution is 1 ps
source testBench.tcl
# set curr_wave [current_wave_config]
# if { [string length $curr_wave] == 0 } {
#   if { [llength [get_objects]] > 0} {
#     add_wave /
#     set_property needs_save false [current_wave_config]
#   } else {
#      send_msg_id Add_Wave-1 WARNING "No top level signals found. Simulator will start without a wave window. If you want to open a wave window go to 'File->New Waveform Configuration' or type 'create_wave_config' in the TCL console."
#   }
# }
# run 1000ns
xsim: Time (s): cpu = 00:00:13 ; elapsed = 00:00:08 . Memory (MB): peak = 1015.035 ; gain = 0.000
INFO: [USF-XSim-96] XSim completed. Design snapshot 'testBench_behav' loaded.
INFO: [USF-XSim-97] XSim simulation ran for 1000ns
launch_simulation: Time (s): cpu = 00:00:15 ; elapsed = 00:00:23 . Memory (MB): peak = 1015.035 ; gain = 0.000
close_sim
INFO: [Simtcl 6-16] Simulation closed
close_sim: Time (s): cpu = 00:00:05 ; elapsed = 00:00:06 . Memory (MB): peak = 1015.035 ; gain = 0.000
launch_simulation -simset [get_filesets sim_2 ]
Command: launch_simulation -simset sim_2
INFO: [Vivado 12-5682] Launching behavioral simulation in 'C:/Users/tony4/Desktop/EE201_project/personal_dir/tony4773/project_1202/project_1202.sim/sim_2/behav/xsim'
INFO: [SIM-utils-51] Simulation object is 'sim_2'
INFO: [SIM-utils-54] Inspecting design source files for 'testBench' in fileset 'sim_2'...
INFO: [USF-XSim-97] Finding global include files...
INFO: [USF-XSim-98] Fetching design files from 'sim_2'...
INFO: [USF-XSim-2] XSim::Compile design
INFO: [USF-XSim-61] Executing 'COMPILE and ANALYZE' step in 'C:/Users/tony4/Desktop/EE201_project/personal_dir/tony4773/project_1202/project_1202.sim/sim_2/behav/xsim'
"xvhdl --incr --relax -prj testBench_vhdl.prj"
INFO: [VRFC 10-163] Analyzing VHDL file "C:/Users/tony4/Desktop/EE201_project/personal_dir/tony4773/project_1202/project_1202.srcs/sources_1/imports/Desktop/calculator_top.vhd" into library xil_defaultlib
INFO: [VRFC 10-3107] analyzing entity 'calculator_top'
run_program: Time (s): cpu = 00:00:01 ; elapsed = 00:00:05 . Memory (MB): peak = 1015.035 ; gain = 0.000
INFO: [USF-XSim-69] 'compile' step finished in '6' seconds
INFO: [USF-XSim-3] XSim::Elaborate design
INFO: [USF-XSim-61] Executing 'ELABORATE' step in 'C:/Users/tony4/Desktop/EE201_project/personal_dir/tony4773/project_1202/project_1202.sim/sim_2/behav/xsim'
"xelab -wto 56597538158a44a8947425f4afbd4c54 --incr --debug typical --relax --mt 2 -L xil_defaultlib -L secureip --snapshot testBench_behav xil_defaultlib.testBench -log elaborate.log"
Vivado Simulator 2020.2
Copyright 1986-1999, 2001-2020 Xilinx, Inc. All Rights Reserved.
Running: C:/Xilinx/Vivado/2020.2/bin/unwrapped/win64.o/xelab.exe -wto 56597538158a44a8947425f4afbd4c54 --incr --debug typical --relax --mt 2 -L xil_defaultlib -L secureip --snapshot testBench_behav xil_defaultlib.testBench -log elaborate.log 
Using 2 slave threads.
Starting static elaboration
Completed static elaboration
Starting simulation data flow analysis
Completed simulation data flow analysis
Time Resolution for simulation is 1ps
Compiling package std.standard
Compiling package std.textio
Compiling package ieee.std_logic_1164
Compiling package ieee.std_logic_arith
Compiling package ieee.std_logic_unsigned
Compiling architecture behavioral of entity xil_defaultlib.ADDER [adder_default]
Compiling architecture behavioral of entity xil_defaultlib.EIGHTBIT_ADDER [eightbit_adder_default]
Compiling architecture behavioral of entity xil_defaultlib.calculator_top [calculator_top_default]
Compiling architecture tb of entity xil_defaultlib.testbench
Built simulation snapshot testBench_behav
run_program: Time (s): cpu = 00:00:01 ; elapsed = 00:00:09 . Memory (MB): peak = 1015.035 ; gain = 0.000
INFO: [USF-XSim-69] 'elaborate' step finished in '8' seconds
INFO: [USF-XSim-4] XSim::Simulate design
INFO: [USF-XSim-61] Executing 'SIMULATE' step in 'C:/Users/tony4/Desktop/EE201_project/personal_dir/tony4773/project_1202/project_1202.sim/sim_2/behav/xsim'
INFO: [USF-XSim-98] *** Running xsim
   with args "testBench_behav -key {Behavioral:sim_2:Functional:testBench} -tclbatch {testBench.tcl} -log {simulate.log}"
INFO: [USF-XSim-8] Loading simulator feature
Vivado Simulator 2020.2
Time resolution is 1 ps
source testBench.tcl
# set curr_wave [current_wave_config]
# if { [string length $curr_wave] == 0 } {
#   if { [llength [get_objects]] > 0} {
#     add_wave /
#     set_property needs_save false [current_wave_config]
#   } else {
#      send_msg_id Add_Wave-1 WARNING "No top level signals found. Simulator will start without a wave window. If you want to open a wave window go to 'File->New Waveform Configuration' or type 'create_wave_config' in the TCL console."
#   }
# }
# run 1000ns
xsim: Time (s): cpu = 00:00:11 ; elapsed = 00:00:07 . Memory (MB): peak = 1015.035 ; gain = 0.000
INFO: [USF-XSim-96] XSim completed. Design snapshot 'testBench_behav' loaded.
INFO: [USF-XSim-97] XSim simulation ran for 1000ns
launch_simulation: Time (s): cpu = 00:00:13 ; elapsed = 00:00:24 . Memory (MB): peak = 1015.035 ; gain = 0.000
close_sim
INFO: [Simtcl 6-16] Simulation closed
close_sim: Time (s): cpu = 00:00:05 ; elapsed = 00:00:06 . Memory (MB): peak = 1015.035 ; gain = 0.000
launch_simulation -simset [get_filesets sim_2 ]
Command: launch_simulation -simset sim_2
INFO: [Vivado 12-5682] Launching behavioral simulation in 'C:/Users/tony4/Desktop/EE201_project/personal_dir/tony4773/project_1202/project_1202.sim/sim_2/behav/xsim'
INFO: [SIM-utils-51] Simulation object is 'sim_2'
INFO: [SIM-utils-54] Inspecting design source files for 'testBench' in fileset 'sim_2'...
INFO: [USF-XSim-97] Finding global include files...
INFO: [USF-XSim-98] Fetching design files from 'sim_2'...
INFO: [USF-XSim-2] XSim::Compile design
INFO: [USF-XSim-61] Executing 'COMPILE and ANALYZE' step in 'C:/Users/tony4/Desktop/EE201_project/personal_dir/tony4773/project_1202/project_1202.sim/sim_2/behav/xsim'
"xvhdl --incr --relax -prj testBench_vhdl.prj"
INFO: [VRFC 10-163] Analyzing VHDL file "C:/Users/tony4/Desktop/EE201_project/personal_dir/tony4773/project_1202/project_1202.srcs/sources_1/imports/Desktop/calculator_top.vhd" into library xil_defaultlib
INFO: [VRFC 10-3107] analyzing entity 'calculator_top'
run_program: Time (s): cpu = 00:00:00 ; elapsed = 00:00:06 . Memory (MB): peak = 1015.035 ; gain = 0.000
INFO: [USF-XSim-69] 'compile' step finished in '7' seconds
INFO: [USF-XSim-3] XSim::Elaborate design
INFO: [USF-XSim-61] Executing 'ELABORATE' step in 'C:/Users/tony4/Desktop/EE201_project/personal_dir/tony4773/project_1202/project_1202.sim/sim_2/behav/xsim'
"xelab -wto 56597538158a44a8947425f4afbd4c54 --incr --debug typical --relax --mt 2 -L xil_defaultlib -L secureip --snapshot testBench_behav xil_defaultlib.testBench -log elaborate.log"
Vivado Simulator 2020.2
Copyright 1986-1999, 2001-2020 Xilinx, Inc. All Rights Reserved.
Running: C:/Xilinx/Vivado/2020.2/bin/unwrapped/win64.o/xelab.exe -wto 56597538158a44a8947425f4afbd4c54 --incr --debug typical --relax --mt 2 -L xil_defaultlib -L secureip --snapshot testBench_behav xil_defaultlib.testBench -log elaborate.log 
Using 2 slave threads.
Starting static elaboration
Completed static elaboration
Starting simulation data flow analysis
Completed simulation data flow analysis
Time Resolution for simulation is 1ps
Compiling package std.standard
Compiling package std.textio
Compiling package ieee.std_logic_1164
Compiling package ieee.std_logic_arith
Compiling package ieee.std_logic_unsigned
Compiling architecture behavioral of entity xil_defaultlib.ADDER [adder_default]
Compiling architecture behavioral of entity xil_defaultlib.EIGHTBIT_ADDER [eightbit_adder_default]
Compiling architecture behavioral of entity xil_defaultlib.calculator_top [calculator_top_default]
Compiling architecture tb of entity xil_defaultlib.testbench
Built simulation snapshot testBench_behav
run_program: Time (s): cpu = 00:00:01 ; elapsed = 00:00:08 . Memory (MB): peak = 1015.035 ; gain = 0.000
INFO: [USF-XSim-69] 'elaborate' step finished in '8' seconds
INFO: [USF-XSim-4] XSim::Simulate design
INFO: [USF-XSim-61] Executing 'SIMULATE' step in 'C:/Users/tony4/Desktop/EE201_project/personal_dir/tony4773/project_1202/project_1202.sim/sim_2/behav/xsim'
INFO: [USF-XSim-98] *** Running xsim
   with args "testBench_behav -key {Behavioral:sim_2:Functional:testBench} -tclbatch {testBench.tcl} -log {simulate.log}"
INFO: [USF-XSim-8] Loading simulator feature
Vivado Simulator 2020.2
Time resolution is 1 ps
source testBench.tcl
# set curr_wave [current_wave_config]
# if { [string length $curr_wave] == 0 } {
#   if { [llength [get_objects]] > 0} {
#     add_wave /
#     set_property needs_save false [current_wave_config]
#   } else {
#      send_msg_id Add_Wave-1 WARNING "No top level signals found. Simulator will start without a wave window. If you want to open a wave window go to 'File->New Waveform Configuration' or type 'create_wave_config' in the TCL console."
#   }
# }
# run 1000ns
xsim: Time (s): cpu = 00:00:13 ; elapsed = 00:00:07 . Memory (MB): peak = 1015.035 ; gain = 0.000
INFO: [USF-XSim-96] XSim completed. Design snapshot 'testBench_behav' loaded.
INFO: [USF-XSim-97] XSim simulation ran for 1000ns
launch_simulation: Time (s): cpu = 00:00:15 ; elapsed = 00:00:25 . Memory (MB): peak = 1015.035 ; gain = 0.000
close_sim
INFO: [Simtcl 6-16] Simulation closed
close_sim: Time (s): cpu = 00:00:04 ; elapsed = 00:00:06 . Memory (MB): peak = 1015.035 ; gain = 0.000
launch_simulation -simset [get_filesets sim_2 ]
Command: launch_simulation -simset sim_2
INFO: [Vivado 12-5682] Launching behavioral simulation in 'C:/Users/tony4/Desktop/EE201_project/personal_dir/tony4773/project_1202/project_1202.sim/sim_2/behav/xsim'
INFO: [SIM-utils-51] Simulation object is 'sim_2'
INFO: [SIM-utils-54] Inspecting design source files for 'testBench' in fileset 'sim_2'...
INFO: [USF-XSim-97] Finding global include files...
INFO: [USF-XSim-98] Fetching design files from 'sim_2'...
INFO: [USF-XSim-2] XSim::Compile design
INFO: [USF-XSim-61] Executing 'COMPILE and ANALYZE' step in 'C:/Users/tony4/Desktop/EE201_project/personal_dir/tony4773/project_1202/project_1202.sim/sim_2/behav/xsim'
"xvhdl --incr --relax -prj testBench_vhdl.prj"
INFO: [VRFC 10-163] Analyzing VHDL file "C:/Users/tony4/Desktop/EE201_project/personal_dir/tony4773/project_1202/project_1202.srcs/sources_1/imports/Desktop/calculator_top.vhd" into library xil_defaultlib
INFO: [VRFC 10-3107] analyzing entity 'calculator_top'
ERROR: [VRFC 10-4982] syntax error near '-' [C:/Users/tony4/Desktop/EE201_project/personal_dir/tony4773/project_1202/project_1202.srcs/sources_1/imports/Desktop/calculator_top.vhd:432]
ERROR: [VRFC 10-2989] 's16' is not declared [C:/Users/tony4/Desktop/EE201_project/personal_dir/tony4773/project_1202/project_1202.srcs/sources_1/imports/Desktop/calculator_top.vhd:431]
ERROR: [VRFC 10-3782] unit 'behavioral' ignored due to previous errors [C:/Users/tony4/Desktop/EE201_project/personal_dir/tony4773/project_1202/project_1202.srcs/sources_1/imports/Desktop/calculator_top.vhd:21]
INFO: [VRFC 10-3070] VHDL file 'C:/Users/tony4/Desktop/EE201_project/personal_dir/tony4773/project_1202/project_1202.srcs/sources_1/imports/Desktop/calculator_top.vhd' ignored due to errors
run_program: Time (s): cpu = 00:00:01 ; elapsed = 00:00:07 . Memory (MB): peak = 1015.035 ; gain = 0.000
INFO: [USF-XSim-69] 'compile' step finished in '6' seconds
INFO: [USF-XSim-99] Step results log file:'C:/Users/tony4/Desktop/EE201_project/personal_dir/tony4773/project_1202/project_1202.sim/sim_2/behav/xsim/xvhdl.log'
ERROR: [USF-XSim-62] 'compile' step failed with error(s). Please check the Tcl console output or 'C:/Users/tony4/Desktop/EE201_project/personal_dir/tony4773/project_1202/project_1202.sim/sim_2/behav/xsim/xvhdl.log' file for more information.
ERROR: [Vivado 12-4473] Detected error while running simulation. Please correct the issue and retry this operation.
launch_simulation: Time (s): cpu = 00:00:03 ; elapsed = 00:00:10 . Memory (MB): peak = 1015.035 ; gain = 0.000
ERROR: [Common 17-39] 'launch_simulation' failed due to earlier errors.
launch_simulation -simset [get_filesets sim_2 ]
Command: launch_simulation -simset sim_2
INFO: [Vivado 12-5682] Launching behavioral simulation in 'C:/Users/tony4/Desktop/EE201_project/personal_dir/tony4773/project_1202/project_1202.sim/sim_2/behav/xsim'
INFO: [SIM-utils-51] Simulation object is 'sim_2'
INFO: [SIM-utils-54] Inspecting design source files for 'testBench' in fileset 'sim_2'...
INFO: [USF-XSim-97] Finding global include files...
INFO: [USF-XSim-98] Fetching design files from 'sim_2'...
INFO: [Vivado 12-5357] 'setup' step aborted
launch_simulation -simset [get_filesets sim_2 ]
Command: launch_simulation -simset sim_2
INFO: [Vivado 12-5682] Launching behavioral simulation in 'C:/Users/tony4/Desktop/EE201_project/personal_dir/tony4773/project_1202/project_1202.sim/sim_2/behav/xsim'
INFO: [SIM-utils-51] Simulation object is 'sim_2'
INFO: [SIM-utils-54] Inspecting design source files for 'testBench' in fileset 'sim_2'...
INFO: [USF-XSim-97] Finding global include files...
INFO: [USF-XSim-98] Fetching design files from 'sim_2'...
INFO: [USF-XSim-2] XSim::Compile design
INFO: [USF-XSim-61] Executing 'COMPILE and ANALYZE' step in 'C:/Users/tony4/Desktop/EE201_project/personal_dir/tony4773/project_1202/project_1202.sim/sim_2/behav/xsim'
"xvhdl --incr --relax -prj testBench_vhdl.prj"
INFO: [VRFC 10-163] Analyzing VHDL file "C:/Users/tony4/Desktop/EE201_project/personal_dir/tony4773/project_1202/project_1202.srcs/sources_1/imports/Desktop/calculator_top.vhd" into library xil_defaultlib
INFO: [VRFC 10-3107] analyzing entity 'calculator_top'
run_program: Time (s): cpu = 00:00:01 ; elapsed = 00:00:08 . Memory (MB): peak = 1015.035 ; gain = 0.000
INFO: [USF-XSim-69] 'compile' step finished in '7' seconds
INFO: [USF-XSim-3] XSim::Elaborate design
INFO: [USF-XSim-61] Executing 'ELABORATE' step in 'C:/Users/tony4/Desktop/EE201_project/personal_dir/tony4773/project_1202/project_1202.sim/sim_2/behav/xsim'
"xelab -wto 56597538158a44a8947425f4afbd4c54 --incr --debug typical --relax --mt 2 -L xil_defaultlib -L secureip --snapshot testBench_behav xil_defaultlib.testBench -log elaborate.log"
Vivado Simulator 2020.2
Copyright 1986-1999, 2001-2020 Xilinx, Inc. All Rights Reserved.
Running: C:/Xilinx/Vivado/2020.2/bin/unwrapped/win64.o/xelab.exe -wto 56597538158a44a8947425f4afbd4c54 --incr --debug typical --relax --mt 2 -L xil_defaultlib -L secureip --snapshot testBench_behav xil_defaultlib.testBench -log elaborate.log 
Using 2 slave threads.
Starting static elaboration
Completed static elaboration
Starting simulation data flow analysis
Completed simulation data flow analysis
Time Resolution for simulation is 1ps
Compiling package std.standard
Compiling package std.textio
Compiling package ieee.std_logic_1164
Compiling package ieee.std_logic_arith
Compiling package ieee.std_logic_unsigned
Compiling architecture behavioral of entity xil_defaultlib.ADDER [adder_default]
Compiling architecture behavioral of entity xil_defaultlib.EIGHTBIT_ADDER [eightbit_adder_default]
Compiling architecture behavioral of entity xil_defaultlib.calculator_top [calculator_top_default]
Compiling architecture tb of entity xil_defaultlib.testbench
Built simulation snapshot testBench_behav
run_program: Time (s): cpu = 00:00:03 ; elapsed = 00:00:11 . Memory (MB): peak = 1015.035 ; gain = 0.000
INFO: [USF-XSim-69] 'elaborate' step finished in '11' seconds
INFO: [USF-XSim-4] XSim::Simulate design
INFO: [USF-XSim-61] Executing 'SIMULATE' step in 'C:/Users/tony4/Desktop/EE201_project/personal_dir/tony4773/project_1202/project_1202.sim/sim_2/behav/xsim'
INFO: [USF-XSim-98] *** Running xsim
   with args "testBench_behav -key {Behavioral:sim_2:Functional:testBench} -tclbatch {testBench.tcl} -log {simulate.log}"
INFO: [USF-XSim-8] Loading simulator feature
Vivado Simulator 2020.2
Time resolution is 1 ps
source testBench.tcl
# set curr_wave [current_wave_config]
# if { [string length $curr_wave] == 0 } {
#   if { [llength [get_objects]] > 0} {
#     add_wave /
#     set_property needs_save false [current_wave_config]
#   } else {
#      send_msg_id Add_Wave-1 WARNING "No top level signals found. Simulator will start without a wave window. If you want to open a wave window go to 'File->New Waveform Configuration' or type 'create_wave_config' in the TCL console."
#   }
# }
# run 1000ns
xsim: Time (s): cpu = 00:00:12 ; elapsed = 00:00:08 . Memory (MB): peak = 1015.035 ; gain = 0.000
INFO: [USF-XSim-96] XSim completed. Design snapshot 'testBench_behav' loaded.
INFO: [USF-XSim-97] XSim simulation ran for 1000ns
launch_simulation: Time (s): cpu = 00:00:16 ; elapsed = 00:00:31 . Memory (MB): peak = 1015.035 ; gain = 0.000
close_sim
INFO: [Simtcl 6-16] Simulation closed
launch_simulation -simset [get_filesets sim_2 ]
Command: launch_simulation -simset sim_2
INFO: [Vivado 12-5682] Launching behavioral simulation in 'C:/Users/tony4/Desktop/EE201_project/personal_dir/tony4773/project_1202/project_1202.sim/sim_2/behav/xsim'
INFO: [SIM-utils-51] Simulation object is 'sim_2'
INFO: [SIM-utils-54] Inspecting design source files for 'testBench' in fileset 'sim_2'...
INFO: [USF-XSim-97] Finding global include files...
INFO: [USF-XSim-98] Fetching design files from 'sim_2'...
INFO: [USF-XSim-2] XSim::Compile design
INFO: [USF-XSim-61] Executing 'COMPILE and ANALYZE' step in 'C:/Users/tony4/Desktop/EE201_project/personal_dir/tony4773/project_1202/project_1202.sim/sim_2/behav/xsim'
"xvhdl --incr --relax -prj testBench_vhdl.prj"
INFO: [VRFC 10-163] Analyzing VHDL file "C:/Users/tony4/Desktop/EE201_project/personal_dir/tony4773/project_1202/project_1202.srcs/sources_1/imports/Desktop/calculator_top.vhd" into library xil_defaultlib
INFO: [VRFC 10-3107] analyzing entity 'calculator_top'
run_program: Time (s): cpu = 00:00:02 ; elapsed = 00:00:07 . Memory (MB): peak = 1015.035 ; gain = 0.000
INFO: [USF-XSim-69] 'compile' step finished in '7' seconds
INFO: [USF-XSim-3] XSim::Elaborate design
INFO: [USF-XSim-61] Executing 'ELABORATE' step in 'C:/Users/tony4/Desktop/EE201_project/personal_dir/tony4773/project_1202/project_1202.sim/sim_2/behav/xsim'
"xelab -wto 56597538158a44a8947425f4afbd4c54 --incr --debug typical --relax --mt 2 -L xil_defaultlib -L secureip --snapshot testBench_behav xil_defaultlib.testBench -log elaborate.log"
Vivado Simulator 2020.2
Copyright 1986-1999, 2001-2020 Xilinx, Inc. All Rights Reserved.
Running: C:/Xilinx/Vivado/2020.2/bin/unwrapped/win64.o/xelab.exe -wto 56597538158a44a8947425f4afbd4c54 --incr --debug typical --relax --mt 2 -L xil_defaultlib -L secureip --snapshot testBench_behav xil_defaultlib.testBench -log elaborate.log 
Using 2 slave threads.
Starting static elaboration
Completed static elaboration
Starting simulation data flow analysis
Completed simulation data flow analysis
Time Resolution for simulation is 1ps
Compiling package std.standard
Compiling package std.textio
Compiling package ieee.std_logic_1164
Compiling package ieee.std_logic_arith
Compiling package ieee.std_logic_unsigned
Compiling architecture behavioral of entity xil_defaultlib.ADDER [adder_default]
Compiling architecture behavioral of entity xil_defaultlib.EIGHTBIT_ADDER [eightbit_adder_default]
Compiling architecture behavioral of entity xil_defaultlib.calculator_top [calculator_top_default]
Compiling architecture tb of entity xil_defaultlib.testbench
Built simulation snapshot testBench_behav
run_program: Time (s): cpu = 00:00:01 ; elapsed = 00:00:08 . Memory (MB): peak = 1015.035 ; gain = 0.000
INFO: [USF-XSim-69] 'elaborate' step finished in '8' seconds
INFO: [USF-XSim-4] XSim::Simulate design
INFO: [USF-XSim-61] Executing 'SIMULATE' step in 'C:/Users/tony4/Desktop/EE201_project/personal_dir/tony4773/project_1202/project_1202.sim/sim_2/behav/xsim'
INFO: [USF-XSim-98] *** Running xsim
   with args "testBench_behav -key {Behavioral:sim_2:Functional:testBench} -tclbatch {testBench.tcl} -log {simulate.log}"
INFO: [USF-XSim-8] Loading simulator feature
Vivado Simulator 2020.2
Time resolution is 1 ps
source testBench.tcl
# set curr_wave [current_wave_config]
# if { [string length $curr_wave] == 0 } {
#   if { [llength [get_objects]] > 0} {
#     add_wave /
#     set_property needs_save false [current_wave_config]
#   } else {
#      send_msg_id Add_Wave-1 WARNING "No top level signals found. Simulator will start without a wave window. If you want to open a wave window go to 'File->New Waveform Configuration' or type 'create_wave_config' in the TCL console."
#   }
# }
# run 1000ns
xsim: Time (s): cpu = 00:00:11 ; elapsed = 00:00:07 . Memory (MB): peak = 1015.035 ; gain = 0.000
INFO: [USF-XSim-96] XSim completed. Design snapshot 'testBench_behav' loaded.
INFO: [USF-XSim-97] XSim simulation ran for 1000ns
launch_simulation: Time (s): cpu = 00:00:14 ; elapsed = 00:00:25 . Memory (MB): peak = 1015.035 ; gain = 0.000
add_bp {C:/Users/tony4/Desktop/EE201_project/personal_dir/tony4773/project_1202/project_1202.srcs/sources_1/imports/Desktop/calculator_top.vhd} 79
remove_bps -file {C:/Users/tony4/Desktop/EE201_project/personal_dir/tony4773/project_1202/project_1202.srcs/sources_1/imports/Desktop/calculator_top.vhd} -line 79
add_bp {C:/Users/tony4/Desktop/EE201_project/personal_dir/tony4773/project_1202/project_1202.srcs/sources_1/imports/Desktop/calculator_top.vhd} 88
add_bp {C:/Users/tony4/Desktop/EE201_project/personal_dir/tony4773/project_1202/project_1202.srcs/sources_1/imports/Desktop/calculator_top.vhd} 89
add_bp {C:/Users/tony4/Desktop/EE201_project/personal_dir/tony4773/project_1202/project_1202.srcs/sources_1/imports/Desktop/calculator_top.vhd} 90
add_bp {C:/Users/tony4/Desktop/EE201_project/personal_dir/tony4773/project_1202/project_1202.srcs/sources_1/imports/Desktop/calculator_top.vhd} 92
add_bp {C:/Users/tony4/Desktop/EE201_project/personal_dir/tony4773/project_1202/project_1202.srcs/sources_1/imports/Desktop/calculator_top.vhd} 93
add_bp {C:/Users/tony4/Desktop/EE201_project/personal_dir/tony4773/project_1202/project_1202.srcs/sources_1/imports/Desktop/calculator_top.vhd} 95
add_bp {C:/Users/tony4/Desktop/EE201_project/personal_dir/tony4773/project_1202/project_1202.srcs/sources_1/imports/Desktop/calculator_top.vhd} 94
close_sim
INFO: [Simtcl 6-16] Simulation closed
close_sim: Time (s): cpu = 00:00:05 ; elapsed = 00:00:05 . Memory (MB): peak = 1015.035 ; gain = 0.000
launch_simulation -simset [get_filesets sim_2 ]
Command: launch_simulation -simset sim_2
INFO: [Vivado 12-5682] Launching behavioral simulation in 'C:/Users/tony4/Desktop/EE201_project/personal_dir/tony4773/project_1202/project_1202.sim/sim_2/behav/xsim'
INFO: [SIM-utils-51] Simulation object is 'sim_2'
INFO: [SIM-utils-54] Inspecting design source files for 'testBench' in fileset 'sim_2'...
INFO: [USF-XSim-97] Finding global include files...
INFO: [USF-XSim-98] Fetching design files from 'sim_2'...
INFO: [USF-XSim-2] XSim::Compile design
INFO: [USF-XSim-61] Executing 'COMPILE and ANALYZE' step in 'C:/Users/tony4/Desktop/EE201_project/personal_dir/tony4773/project_1202/project_1202.sim/sim_2/behav/xsim'
"xvhdl --incr --relax -prj testBench_vhdl.prj"
INFO: [VRFC 10-163] Analyzing VHDL file "C:/Users/tony4/Desktop/EE201_project/personal_dir/tony4773/project_1202/project_1202.srcs/sources_1/imports/Desktop/calculator_top.vhd" into library xil_defaultlib
INFO: [VRFC 10-3107] analyzing entity 'calculator_top'
run_program: Time (s): cpu = 00:00:01 ; elapsed = 00:00:09 . Memory (MB): peak = 1015.035 ; gain = 0.000
INFO: [USF-XSim-69] 'compile' step finished in '9' seconds
INFO: [USF-XSim-3] XSim::Elaborate design
INFO: [USF-XSim-61] Executing 'ELABORATE' step in 'C:/Users/tony4/Desktop/EE201_project/personal_dir/tony4773/project_1202/project_1202.sim/sim_2/behav/xsim'
"xelab -wto 56597538158a44a8947425f4afbd4c54 --incr --debug typical --relax --mt 2 -L xil_defaultlib -L secureip --snapshot testBench_behav xil_defaultlib.testBench -log elaborate.log"
Vivado Simulator 2020.2
Copyright 1986-1999, 2001-2020 Xilinx, Inc. All Rights Reserved.
Running: C:/Xilinx/Vivado/2020.2/bin/unwrapped/win64.o/xelab.exe -wto 56597538158a44a8947425f4afbd4c54 --incr --debug typical --relax --mt 2 -L xil_defaultlib -L secureip --snapshot testBench_behav xil_defaultlib.testBench -log elaborate.log 
Using 2 slave threads.
Starting static elaboration
Completed static elaboration
Starting simulation data flow analysis
Completed simulation data flow analysis
Time Resolution for simulation is 1ps
Compiling package std.standard
Compiling package std.textio
Compiling package ieee.std_logic_1164
Compiling package ieee.std_logic_arith
Compiling package ieee.std_logic_unsigned
Compiling architecture behavioral of entity xil_defaultlib.ADDER [adder_default]
Compiling architecture behavioral of entity xil_defaultlib.EIGHTBIT_ADDER [eightbit_adder_default]
Compiling architecture behavioral of entity xil_defaultlib.calculator_top [calculator_top_default]
Compiling architecture tb of entity xil_defaultlib.testbench
Built simulation snapshot testBench_behav
run_program: Time (s): cpu = 00:00:02 ; elapsed = 00:00:09 . Memory (MB): peak = 1015.035 ; gain = 0.000
INFO: [USF-XSim-69] 'elaborate' step finished in '8' seconds
INFO: [USF-XSim-4] XSim::Simulate design
INFO: [USF-XSim-61] Executing 'SIMULATE' step in 'C:/Users/tony4/Desktop/EE201_project/personal_dir/tony4773/project_1202/project_1202.sim/sim_2/behav/xsim'
INFO: [USF-XSim-98] *** Running xsim
   with args "testBench_behav -key {Behavioral:sim_2:Functional:testBench} -tclbatch {testBench.tcl} -log {simulate.log}"
INFO: [USF-XSim-8] Loading simulator feature
Vivado Simulator 2020.2
Time resolution is 1 ps
ERROR: [Simulator 45-7] No such file 'C:/Users/tony4/Desktop/EE201_project/personal_dir/tony4773/project_1202/project_1202.srcs/sources_1/imports/Desktop/calculator_top.vhdC:/Users/tony4/Desktop/EE201_project/personal_dir/tony4773/project_1202/project_1202.srcs/sources_1/imports/Desktop/calculator_top.vhd' in the design.

ERROR: [USF-XSim-62] 'simulate' step failed with errors. Please check the Tcl console or log files for more information.
ERROR: [Vivado 12-4473] Detected error while running simulation. Please correct the issue and retry this operation.
launch_simulation: Time (s): cpu = 00:00:05 ; elapsed = 00:00:23 . Memory (MB): peak = 1015.035 ; gain = 0.000
ERROR: [Common 17-39] 'launch_simulation' failed due to earlier errors.
INFO: [Simtcl 6-16] Simulation closed
launch_simulation -simset [get_filesets sim_2 ]
Command: launch_simulation -simset sim_2
INFO: [Vivado 12-5682] Launching behavioral simulation in 'C:/Users/tony4/Desktop/EE201_project/personal_dir/tony4773/project_1202/project_1202.sim/sim_2/behav/xsim'
INFO: [SIM-utils-51] Simulation object is 'sim_2'
INFO: [SIM-utils-54] Inspecting design source files for 'testBench' in fileset 'sim_2'...
INFO: [USF-XSim-97] Finding global include files...
INFO: [USF-XSim-98] Fetching design files from 'sim_2'...
INFO: [USF-XSim-2] XSim::Compile design
INFO: [USF-XSim-61] Executing 'COMPILE and ANALYZE' step in 'C:/Users/tony4/Desktop/EE201_project/personal_dir/tony4773/project_1202/project_1202.sim/sim_2/behav/xsim'
"xvhdl --incr --relax -prj testBench_vhdl.prj"
INFO: [VRFC 10-163] Analyzing VHDL file "C:/Users/tony4/Desktop/EE201_project/personal_dir/tony4773/project_1202/project_1202.srcs/sources_1/imports/Desktop/calculator_top.vhd" into library xil_defaultlib
INFO: [VRFC 10-3107] analyzing entity 'calculator_top'
INFO: [VRFC 10-163] Analyzing VHDL file "C:/Users/tony4/Desktop/EE201_project/personal_dir/tony4773/project_1202/project_1202.srcs/sim_2/new/TB2.vhd" into library xil_defaultlib
INFO: [VRFC 10-3107] analyzing entity 'testBench'
run_program: Time (s): cpu = 00:00:01 ; elapsed = 00:00:06 . Memory (MB): peak = 1015.035 ; gain = 0.000
INFO: [USF-XSim-69] 'compile' step finished in '7' seconds
INFO: [USF-XSim-3] XSim::Elaborate design
INFO: [USF-XSim-61] Executing 'ELABORATE' step in 'C:/Users/tony4/Desktop/EE201_project/personal_dir/tony4773/project_1202/project_1202.sim/sim_2/behav/xsim'
"xelab -wto 56597538158a44a8947425f4afbd4c54 --incr --debug typical --relax --mt 2 -L xil_defaultlib -L secureip --snapshot testBench_behav xil_defaultlib.testBench -log elaborate.log"
Vivado Simulator 2020.2
Copyright 1986-1999, 2001-2020 Xilinx, Inc. All Rights Reserved.
Running: C:/Xilinx/Vivado/2020.2/bin/unwrapped/win64.o/xelab.exe -wto 56597538158a44a8947425f4afbd4c54 --incr --debug typical --relax --mt 2 -L xil_defaultlib -L secureip --snapshot testBench_behav xil_defaultlib.testBench -log elaborate.log 
Using 2 slave threads.
Starting static elaboration
Completed static elaboration
Starting simulation data flow analysis
Completed simulation data flow analysis
Time Resolution for simulation is 1ps
Compiling package std.standard
Compiling package std.textio
Compiling package ieee.std_logic_1164
Compiling package ieee.std_logic_arith
Compiling package ieee.std_logic_unsigned
Compiling architecture behavioral of entity xil_defaultlib.ADDER [adder_default]
Compiling architecture behavioral of entity xil_defaultlib.EIGHTBIT_ADDER [eightbit_adder_default]
Compiling architecture behavioral of entity xil_defaultlib.calculator_top [calculator_top_default]
Compiling architecture tb of entity xil_defaultlib.testbench
Built simulation snapshot testBench_behav
run_program: Time (s): cpu = 00:00:00 ; elapsed = 00:00:08 . Memory (MB): peak = 1015.035 ; gain = 0.000
INFO: [USF-XSim-69] 'elaborate' step finished in '8' seconds
INFO: [USF-XSim-4] XSim::Simulate design
INFO: [USF-XSim-61] Executing 'SIMULATE' step in 'C:/Users/tony4/Desktop/EE201_project/personal_dir/tony4773/project_1202/project_1202.sim/sim_2/behav/xsim'
INFO: [USF-XSim-98] *** Running xsim
   with args "testBench_behav -key {Behavioral:sim_2:Functional:testBench} -tclbatch {testBench.tcl} -log {simulate.log}"
INFO: [USF-XSim-8] Loading simulator feature
Vivado Simulator 2020.2
Time resolution is 1 ps
ERROR: [Simulator 45-7] No such file 'C:/Users/tony4/Desktop/EE201_project/personal_dir/tony4773/project_1202/project_1202.srcs/sources_1/imports/Desktop/calculator_top.vhdC:/Users/tony4/Desktop/EE201_project/personal_dir/tony4773/project_1202/project_1202.srcs/sources_1/imports/Desktop/calculator_top.vhd' in the design.

ERROR: [USF-XSim-62] 'simulate' step failed with errors. Please check the Tcl console or log files for more information.
ERROR: [Vivado 12-4473] Detected error while running simulation. Please correct the issue and retry this operation.
launch_simulation: Time (s): cpu = 00:00:03 ; elapsed = 00:00:19 . Memory (MB): peak = 1015.035 ; gain = 0.000
ERROR: [Common 17-39] 'launch_simulation' failed due to earlier errors.
INFO: [Simtcl 6-16] Simulation closed
launch_simulation -simset [get_filesets sim_2 ]
Command: launch_simulation -simset sim_2
INFO: [Vivado 12-5682] Launching behavioral simulation in 'C:/Users/tony4/Desktop/EE201_project/personal_dir/tony4773/project_1202/project_1202.sim/sim_2/behav/xsim'
INFO: [SIM-utils-51] Simulation object is 'sim_2'
INFO: [SIM-utils-54] Inspecting design source files for 'testBench' in fileset 'sim_2'...
INFO: [USF-XSim-97] Finding global include files...
INFO: [USF-XSim-98] Fetching design files from 'sim_2'...
INFO: [USF-XSim-2] XSim::Compile design
INFO: [USF-XSim-61] Executing 'COMPILE and ANALYZE' step in 'C:/Users/tony4/Desktop/EE201_project/personal_dir/tony4773/project_1202/project_1202.sim/sim_2/behav/xsim'
"xvhdl --incr --relax -prj testBench_vhdl.prj"
INFO: [VRFC 10-163] Analyzing VHDL file "C:/Users/tony4/Desktop/EE201_project/personal_dir/tony4773/project_1202/project_1202.srcs/sources_1/imports/Desktop/calculator_top.vhd" into library xil_defaultlib
INFO: [VRFC 10-3107] analyzing entity 'calculator_top'
INFO: [VRFC 10-163] Analyzing VHDL file "C:/Users/tony4/Desktop/EE201_project/personal_dir/tony4773/project_1202/project_1202.srcs/sim_2/new/TB2.vhd" into library xil_defaultlib
INFO: [VRFC 10-3107] analyzing entity 'testBench'
run_program: Time (s): cpu = 00:00:01 ; elapsed = 00:00:07 . Memory (MB): peak = 1015.035 ; gain = 0.000
INFO: [USF-XSim-69] 'compile' step finished in '7' seconds
INFO: [USF-XSim-3] XSim::Elaborate design
INFO: [USF-XSim-61] Executing 'ELABORATE' step in 'C:/Users/tony4/Desktop/EE201_project/personal_dir/tony4773/project_1202/project_1202.sim/sim_2/behav/xsim'
"xelab -wto 56597538158a44a8947425f4afbd4c54 --incr --debug typical --relax --mt 2 -L xil_defaultlib -L secureip --snapshot testBench_behav xil_defaultlib.testBench -log elaborate.log"
Vivado Simulator 2020.2
Copyright 1986-1999, 2001-2020 Xilinx, Inc. All Rights Reserved.
Running: C:/Xilinx/Vivado/2020.2/bin/unwrapped/win64.o/xelab.exe -wto 56597538158a44a8947425f4afbd4c54 --incr --debug typical --relax --mt 2 -L xil_defaultlib -L secureip --snapshot testBench_behav xil_defaultlib.testBench -log elaborate.log 
Using 2 slave threads.
Starting static elaboration
Completed static elaboration
Starting simulation data flow analysis
Completed simulation data flow analysis
Time Resolution for simulation is 1ps
Compiling package std.standard
Compiling package std.textio
Compiling package ieee.std_logic_1164
Compiling package ieee.std_logic_arith
Compiling package ieee.std_logic_unsigned
Compiling architecture behavioral of entity xil_defaultlib.ADDER [adder_default]
Compiling architecture behavioral of entity xil_defaultlib.EIGHTBIT_ADDER [eightbit_adder_default]
Compiling architecture behavioral of entity xil_defaultlib.calculator_top [calculator_top_default]
Compiling architecture tb of entity xil_defaultlib.testbench
Built simulation snapshot testBench_behav
run_program: Time (s): cpu = 00:00:02 ; elapsed = 00:00:08 . Memory (MB): peak = 1015.035 ; gain = 0.000
INFO: [USF-XSim-69] 'elaborate' step finished in '8' seconds
INFO: [USF-XSim-4] XSim::Simulate design
INFO: [USF-XSim-61] Executing 'SIMULATE' step in 'C:/Users/tony4/Desktop/EE201_project/personal_dir/tony4773/project_1202/project_1202.sim/sim_2/behav/xsim'
INFO: [USF-XSim-98] *** Running xsim
   with args "testBench_behav -key {Behavioral:sim_2:Functional:testBench} -tclbatch {testBench.tcl} -log {simulate.log}"
INFO: [USF-XSim-8] Loading simulator feature
Vivado Simulator 2020.2
Time resolution is 1 ps
ERROR: [Simulator 45-7] No such file 'C:/Users/tony4/Desktop/EE201_project/personal_dir/tony4773/project_1202/project_1202.srcs/sources_1/imports/Desktop/calculator_top.vhdC:/Users/tony4/Desktop/EE201_project/personal_dir/tony4773/project_1202/project_1202.srcs/sources_1/imports/Desktop/calculator_top.vhd' in the design.

ERROR: [USF-XSim-62] 'simulate' step failed with errors. Please check the Tcl console or log files for more information.
ERROR: [Vivado 12-4473] Detected error while running simulation. Please correct the issue and retry this operation.
launch_simulation: Time (s): cpu = 00:00:04 ; elapsed = 00:00:20 . Memory (MB): peak = 1015.035 ; gain = 0.000
ERROR: [Common 17-39] 'launch_simulation' failed due to earlier errors.
INFO: [Simtcl 6-16] Simulation closed
launch_simulation -simset [get_filesets sim_2 ]
Command: launch_simulation -simset sim_2
INFO: [Vivado 12-5682] Launching behavioral simulation in 'C:/Users/tony4/Desktop/EE201_project/personal_dir/tony4773/project_1202/project_1202.sim/sim_2/behav/xsim'
INFO: [SIM-utils-51] Simulation object is 'sim_2'
INFO: [SIM-utils-54] Inspecting design source files for 'testBench' in fileset 'sim_2'...
INFO: [USF-XSim-97] Finding global include files...
INFO: [USF-XSim-98] Fetching design files from 'sim_2'...
INFO: [USF-XSim-2] XSim::Compile design
INFO: [USF-XSim-61] Executing 'COMPILE and ANALYZE' step in 'C:/Users/tony4/Desktop/EE201_project/personal_dir/tony4773/project_1202/project_1202.sim/sim_2/behav/xsim'
"xvhdl --incr --relax -prj testBench_vhdl.prj"
INFO: [VRFC 10-163] Analyzing VHDL file "C:/Users/tony4/Desktop/EE201_project/personal_dir/tony4773/project_1202/project_1202.srcs/sources_1/imports/Desktop/calculator_top.vhd" into library xil_defaultlib
INFO: [VRFC 10-3107] analyzing entity 'calculator_top'
run_program: Time (s): cpu = 00:00:01 ; elapsed = 00:00:06 . Memory (MB): peak = 1015.035 ; gain = 0.000
INFO: [USF-XSim-69] 'compile' step finished in '6' seconds
INFO: [USF-XSim-3] XSim::Elaborate design
INFO: [USF-XSim-61] Executing 'ELABORATE' step in 'C:/Users/tony4/Desktop/EE201_project/personal_dir/tony4773/project_1202/project_1202.sim/sim_2/behav/xsim'
"xelab -wto 56597538158a44a8947425f4afbd4c54 --incr --debug typical --relax --mt 2 -L xil_defaultlib -L secureip --snapshot testBench_behav xil_defaultlib.testBench -log elaborate.log"
Vivado Simulator 2020.2
Copyright 1986-1999, 2001-2020 Xilinx, Inc. All Rights Reserved.
Running: C:/Xilinx/Vivado/2020.2/bin/unwrapped/win64.o/xelab.exe -wto 56597538158a44a8947425f4afbd4c54 --incr --debug typical --relax --mt 2 -L xil_defaultlib -L secureip --snapshot testBench_behav xil_defaultlib.testBench -log elaborate.log 
Using 2 slave threads.
Starting static elaboration
Completed static elaboration
Starting simulation data flow analysis
Completed simulation data flow analysis
Time Resolution for simulation is 1ps
Compiling package std.standard
Compiling package std.textio
Compiling package ieee.std_logic_1164
Compiling package ieee.std_logic_arith
Compiling package ieee.std_logic_unsigned
Compiling architecture behavioral of entity xil_defaultlib.ADDER [adder_default]
Compiling architecture behavioral of entity xil_defaultlib.EIGHTBIT_ADDER [eightbit_adder_default]
Compiling architecture behavioral of entity xil_defaultlib.calculator_top [calculator_top_default]
Compiling architecture tb of entity xil_defaultlib.testbench
Built simulation snapshot testBench_behav
run_program: Time (s): cpu = 00:00:01 ; elapsed = 00:00:08 . Memory (MB): peak = 1015.035 ; gain = 0.000
INFO: [USF-XSim-69] 'elaborate' step finished in '8' seconds
INFO: [USF-XSim-4] XSim::Simulate design
INFO: [USF-XSim-61] Executing 'SIMULATE' step in 'C:/Users/tony4/Desktop/EE201_project/personal_dir/tony4773/project_1202/project_1202.sim/sim_2/behav/xsim'
INFO: [USF-XSim-98] *** Running xsim
   with args "testBench_behav -key {Behavioral:sim_2:Functional:testBench} -tclbatch {testBench.tcl} -log {simulate.log}"
INFO: [USF-XSim-8] Loading simulator feature
Vivado Simulator 2020.2
Time resolution is 1 ps
ERROR: [Simulator 45-7] No such file 'C:/Users/tony4/Desktop/EE201_project/personal_dir/tony4773/project_1202/project_1202.srcs/sources_1/imports/Desktop/calculator_top.vhdC:/Users/tony4/Desktop/EE201_project/personal_dir/tony4773/project_1202/project_1202.srcs/sources_1/imports/Desktop/calculator_top.vhd' in the design.

ERROR: [USF-XSim-62] 'simulate' step failed with errors. Please check the Tcl console or log files for more information.
ERROR: [Vivado 12-4473] Detected error while running simulation. Please correct the issue and retry this operation.
launch_simulation: Time (s): cpu = 00:00:04 ; elapsed = 00:00:19 . Memory (MB): peak = 1015.035 ; gain = 0.000
ERROR: [Common 17-39] 'launch_simulation' failed due to earlier errors.
INFO: [Simtcl 6-16] Simulation closed
launch_simulation -simset [get_filesets sim_2 ]
Command: launch_simulation -simset sim_2
INFO: [Vivado 12-5682] Launching behavioral simulation in 'C:/Users/tony4/Desktop/EE201_project/personal_dir/tony4773/project_1202/project_1202.sim/sim_2/behav/xsim'
INFO: [SIM-utils-51] Simulation object is 'sim_2'
INFO: [SIM-utils-54] Inspecting design source files for 'testBench' in fileset 'sim_2'...
INFO: [USF-XSim-97] Finding global include files...
INFO: [USF-XSim-98] Fetching design files from 'sim_2'...
INFO: [USF-XSim-2] XSim::Compile design
INFO: [USF-XSim-61] Executing 'COMPILE and ANALYZE' step in 'C:/Users/tony4/Desktop/EE201_project/personal_dir/tony4773/project_1202/project_1202.sim/sim_2/behav/xsim'
"xvhdl --incr --relax -prj testBench_vhdl.prj"
run_program: Time (s): cpu = 00:00:01 ; elapsed = 00:00:08 . Memory (MB): peak = 1015.035 ; gain = 0.000
INFO: [USF-XSim-69] 'compile' step finished in '8' seconds
INFO: [USF-XSim-3] XSim::Elaborate design
INFO: [USF-XSim-61] Executing 'ELABORATE' step in 'C:/Users/tony4/Desktop/EE201_project/personal_dir/tony4773/project_1202/project_1202.sim/sim_2/behav/xsim'
"xelab -wto 56597538158a44a8947425f4afbd4c54 --incr --debug typical --relax --mt 2 -L xil_defaultlib -L secureip --snapshot testBench_behav xil_defaultlib.testBench -log elaborate.log"
Vivado Simulator 2020.2
Copyright 1986-1999, 2001-2020 Xilinx, Inc. All Rights Reserved.
Running: C:/Xilinx/Vivado/2020.2/bin/unwrapped/win64.o/xelab.exe -wto 56597538158a44a8947425f4afbd4c54 --incr --debug typical --relax --mt 2 -L xil_defaultlib -L secureip --snapshot testBench_behav xil_defaultlib.testBench -log elaborate.log 
Using 2 slave threads.
Starting static elaboration
Completed static elaboration
INFO: [XSIM 43-4323] No Change in HDL. Linking previously generated obj files to create kernel
run_program: Time (s): cpu = 00:00:00 ; elapsed = 00:00:07 . Memory (MB): peak = 1015.035 ; gain = 0.000
INFO: [USF-XSim-69] 'elaborate' step finished in '6' seconds
INFO: [USF-XSim-4] XSim::Simulate design
INFO: [USF-XSim-61] Executing 'SIMULATE' step in 'C:/Users/tony4/Desktop/EE201_project/personal_dir/tony4773/project_1202/project_1202.sim/sim_2/behav/xsim'
INFO: [USF-XSim-98] *** Running xsim
   with args "testBench_behav -key {Behavioral:sim_2:Functional:testBench} -tclbatch {testBench.tcl} -log {simulate.log}"
INFO: [USF-XSim-8] Loading simulator feature
Vivado Simulator 2020.2
Time resolution is 1 ps
ERROR: [Simulator 45-7] No such file 'C:/Users/tony4/Desktop/EE201_project/personal_dir/tony4773/project_1202/project_1202.srcs/sources_1/imports/Desktop/calculator_top.vhdC:/Users/tony4/Desktop/EE201_project/personal_dir/tony4773/project_1202/project_1202.srcs/sources_1/imports/Desktop/calculator_top.vhd' in the design.

ERROR: [USF-XSim-62] 'simulate' step failed with errors. Please check the Tcl console or log files for more information.
ERROR: [Vivado 12-4473] Detected error while running simulation. Please correct the issue and retry this operation.
launch_simulation: Time (s): cpu = 00:00:05 ; elapsed = 00:00:16 . Memory (MB): peak = 1015.035 ; gain = 0.000
ERROR: [Common 17-39] 'launch_simulation' failed due to earlier errors.
INFO: [Simtcl 6-16] Simulation closed
launch_simulation -simset [get_filesets sim_2 ]
Command: launch_simulation -simset sim_2
INFO: [Vivado 12-5682] Launching behavioral simulation in 'C:/Users/tony4/Desktop/EE201_project/personal_dir/tony4773/project_1202/project_1202.sim/sim_2/behav/xsim'
INFO: [SIM-utils-51] Simulation object is 'sim_2'
INFO: [SIM-utils-54] Inspecting design source files for 'testBench' in fileset 'sim_2'...
INFO: [USF-XSim-97] Finding global include files...
INFO: [USF-XSim-98] Fetching design files from 'sim_2'...
INFO: [USF-XSim-2] XSim::Compile design
INFO: [USF-XSim-61] Executing 'COMPILE and ANALYZE' step in 'C:/Users/tony4/Desktop/EE201_project/personal_dir/tony4773/project_1202/project_1202.sim/sim_2/behav/xsim'
"xvhdl --incr --relax -prj testBench_vhdl.prj"
INFO: [VRFC 10-163] Analyzing VHDL file "C:/Users/tony4/Desktop/EE201_project/personal_dir/tony4773/project_1202/project_1202.srcs/sources_1/imports/Desktop/calculator_top.vhd" into library xil_defaultlib
INFO: [VRFC 10-3107] analyzing entity 'calculator_top'
run_program: Time (s): cpu = 00:00:00 ; elapsed = 00:00:06 . Memory (MB): peak = 1015.035 ; gain = 0.000
INFO: [USF-XSim-69] 'compile' step finished in '7' seconds
INFO: [USF-XSim-3] XSim::Elaborate design
INFO: [USF-XSim-61] Executing 'ELABORATE' step in 'C:/Users/tony4/Desktop/EE201_project/personal_dir/tony4773/project_1202/project_1202.sim/sim_2/behav/xsim'
"xelab -wto 56597538158a44a8947425f4afbd4c54 --incr --debug typical --relax --mt 2 -L xil_defaultlib -L secureip --snapshot testBench_behav xil_defaultlib.testBench -log elaborate.log"
Vivado Simulator 2020.2
Copyright 1986-1999, 2001-2020 Xilinx, Inc. All Rights Reserved.
Running: C:/Xilinx/Vivado/2020.2/bin/unwrapped/win64.o/xelab.exe -wto 56597538158a44a8947425f4afbd4c54 --incr --debug typical --relax --mt 2 -L xil_defaultlib -L secureip --snapshot testBench_behav xil_defaultlib.testBench -log elaborate.log 
Using 2 slave threads.
Starting static elaboration
Completed static elaboration
Starting simulation data flow analysis
Completed simulation data flow analysis
Time Resolution for simulation is 1ps
Compiling package std.standard
Compiling package std.textio
Compiling package ieee.std_logic_1164
Compiling package ieee.std_logic_arith
Compiling package ieee.std_logic_unsigned
Compiling architecture behavioral of entity xil_defaultlib.ADDER [adder_default]
Compiling architecture behavioral of entity xil_defaultlib.EIGHTBIT_ADDER [eightbit_adder_default]
Compiling architecture behavioral of entity xil_defaultlib.calculator_top [calculator_top_default]
Compiling architecture tb of entity xil_defaultlib.testbench
Built simulation snapshot testBench_behav
run_program: Time (s): cpu = 00:00:00 ; elapsed = 00:00:08 . Memory (MB): peak = 1015.035 ; gain = 0.000
INFO: [USF-XSim-69] 'elaborate' step finished in '8' seconds
INFO: [USF-XSim-4] XSim::Simulate design
INFO: [USF-XSim-61] Executing 'SIMULATE' step in 'C:/Users/tony4/Desktop/EE201_project/personal_dir/tony4773/project_1202/project_1202.sim/sim_2/behav/xsim'
INFO: [USF-XSim-98] *** Running xsim
   with args "testBench_behav -key {Behavioral:sim_2:Functional:testBench} -tclbatch {testBench.tcl} -log {simulate.log}"
