#-----------------------------------------------------------
# Vivado v2020.2 (64-bit)
# SW Build 3064766 on Wed Nov 18 09:12:45 MST 2020
# IP Build 3064653 on Wed Nov 18 14:17:31 MST 2020
# Start of session at: Wed Dec  2 21:38:14 2020
# Process ID: 12192
# Current directory: C:/Users/tony4/Desktop/project_1202
# Command line: vivado.exe -gui_launcher_event rodinguilauncherevent19704 C:\Users\tony4\Desktop\project_1202\project_1202.xpr
# Log file: C:/Users/tony4/Desktop/project_1202/vivado.log
# Journal file: C:/Users/tony4/Desktop/project_1202\vivado.jou
#-----------------------------------------------------------sstart_guioexit
INFO: [Common 17-206] Exiting Vivado at Wed Dec  2 21:40:08 2020...
roject 1-313] Project file moved from 'C:/Users/hyhan/Desktop/workspace/EE201_project/codes/project_1202' since last save.
Scanning sources...
Finished scanning sources
INFO: [Project 1-230] Project 'project_1202.xpr' upgraded for this version of Vivado.
INFO: [IP_Flow 19-234] Refreshing IP repositories
INFO: [IP_Flow 19-1704] No user IP repositories specified
INFO: [IP_Flow 19-2313] Loaded Vivado IP repository 'C:/Xilinx/Vivado/2020.2/data/ip'.
open_project: Time (s): cpu = 00:01:15 ; elapsed = 00:00:29 . Memory (MB): peak = 1015.031 ; gain = 0.000
update_compile_order -fileset sources_1
exit
INFO: [Common 17-206] Exiting Vivado at Wed Dec  2 22:19:43 2020...
