#-----------------------------------------------------------
# Vivado v2020.2 (64-bit)
# SW Build 3064766 on Wed Nov 18 09:12:45 MST 2020
# IP Build 3064653 on Wed Nov 18 14:17:31 MST 2020
# Start of session at: Thu Dec  3 04:05:57 2020
# Process ID: 21936
# Current directory: C:/Users/tony4/Desktop/EE201_project/personal_dir/tony4773/project_1202
# Command line: vivado.exe -gui_launcher_event rodinguilauncherevent32 C:\Users\tony4\Desktop\EE201_project\personal_dir\tony4773\project_1202\project_1202.xpr
# Log file: C:/Users/tony4/Desktop/EE201_project/personal_dir/tony4773/project_1202/vivado.log
# Journal file: C:/Users/tony4/Desktop/EE201_project/personal_dir/tony4773/project_1202\vivado.jou
#-----------------------------------------------------------
start_gui
open_project C:/Users/tony4/Desktop/EE201_project/personal_dir/tony4773/project_1202/project_1202.xpr
INFO: [Project 1-313] Project file moved from 'C:/Users/tony4/Desktop/project_1202' since last save.
WARNING: [Project 1-312] File not found as 'C:/Users/tony4/Desktop/EE201_project/personal_dir/tony4773/calculator_top.vhd'; using path 'C:/Users/tony4/Desktop/calculator_top.vhd' instead.
Scanning sources...
Finished scanning sources
INFO: [IP_Flow 19-234] Refreshing IP repositories
INFO: [IP_Flow 19-1704] No user IP repositories specified
INFO: [IP_Flow 19-2313] Loaded Vivado IP repository 'C:/Xilinx/Vivado/2020.2/data/ip'.
open_project: Time (s): cpu = 00:00:16 ; elapsed = 00:00:08 . Memory (MB): peak = 1016.648 ; gain = 0.000
update_compile_order -fileset sources_1
