#-----------------------------------------------------------
# Vivado v2020.2 (64-bit)
# SW Build 3064766 on Wed Nov 18 09:12:45 MST 2020
# IP Build 3064653 on Wed Nov 18 14:17:31 MST 2020
# Start of session at: Wed Dec  2 00:28:59 2020
# Process ID: 23744
# Current directory: C:/Users/tony4/Desktop/EE201_project/personal_dir/tony4773/project_1201
# Command line: vivado.exe -gui_launcher_event rodinguilauncherevent13280 C:\Users\tony4\Desktop\EE201_project\personal_dir\tony4773\project_1201\project_1201.xpr
# Log file: C:/Users/tony4/Desktop/EE201_project/personal_dir/tony4773/project_1201/vivado.log
# Journal file: C:/Users/tony4/Desktop/EE201_project/personal_dir/tony4773/project_1201\vivado.jou
#-----------------------------------------------------------
start_gui
open_project C:/Users/tony4/Desktop/EE201_project/personal_dir/tony4773/project_1201/project_1201.xpr
CRITICAL WARNING: [Project 1-19] Could not find the file 'C:/Users/tony4/calculator_top.vhd'.
Scanning sources...
Finished scanning sources
INFO: [IP_Flow 19-234] Refreshing IP repositories
INFO: [IP_Flow 19-1704] No user IP repositories specified
INFO: [IP_Flow 19-2313] Loaded Vivado IP repository 'C:/Xilinx/Vivado/2020.2/data/ip'.
open_project: Time (s): cpu = 00:00:15 ; elapsed = 00:00:07 . Memory (MB): peak = 1019.379 ; gain = 0.000
update_compile_order -fileset sources_1
add_files -norecurse C:/Users/tony4/Desktop/calculator_top.vhd
update_compile_order -fileset sources_1
exit
INFO: [Common 17-206] Exiting Vivado at Wed Dec  2 00:31:47 2020...
